TN:
SF:src/caixa-da-lanchonete.js
FN:3,verificarChaves
FN:6,calcularValorDaCompra
FNF:2
FNH:1
FNDA:0,verificarChaves
FNDA:19,calcularValorDaCompra
DA:1,1
DA:2,1
DA:3,1
DA:4,0
DA:5,0
DA:6,1
DA:7,19
DA:8,19
DA:9,19
DA:10,16
DA:11,16
DA:12,16
DA:13,16
DA:14,16
DA:15,16
DA:16,16
DA:17,16
DA:18,16
DA:19,16
DA:20,16
DA:21,16
DA:22,16
DA:23,16
DA:24,16
DA:25,16
DA:26,16
DA:27,16
DA:28,16
DA:29,16
DA:30,16
DA:31,16
DA:32,16
DA:33,16
DA:34,16
DA:35,16
DA:36,16
DA:37,19
DA:38,10
DA:39,10
DA:40,16
DA:41,16
DA:42,16
DA:43,16
DA:44,1
DA:45,1
DA:46,1
DA:47,1
DA:48,1
DA:49,1
LF:49
LH:47
BRDA:6,0,0,19
BRDA:9,1,0,16
BRDA:9,2,0,3
BRDA:10,3,0,16
BRDA:37,4,0,6
BRDA:38,5,0,10
BRDA:39,6,0,4
BRDA:39,7,0,16
BRDA:20,8,0,28
BRF:9
BRH:9
end_of_record
